<?xml version="1.0" encoding="UTF-8"?>
<!-- Generated by org.testng.reporters.JUnitReportReporter -->
<testsuite hostname="Pirates-PC" name="com.invoicingyou.qa.testcases.GeneraInvPageTest" tests="4" failures="0" timestamp="1 May 2020 11:58:11 GMT" time="53.164" errors="0">
  <testcase name="CreateGeneralInvPage" time="6.521" classname="com.invoicingyou.qa.testcases.GeneraInvPageTest"/>
  <testcase name="SettlementCurrency" time="7.621" classname="com.invoicingyou.qa.testcases.GeneraInvPageTest"/>
  <testcase name="TestLogIn" time="38.671" classname="com.invoicingyou.qa.testcases.GeneraInvPageTest"/>
  <testcase name="OpenGeneralInvPage" time="0.351" classname="com.invoicingyou.qa.testcases.GeneraInvPageTest"/>
</testsuite> <!-- com.invoicingyou.qa.testcases.GeneraInvPageTest -->
