<?xml version="1.0" encoding="UTF-8"?>
<!-- Generated by org.testng.reporters.JUnitReportReporter -->
<testsuite hostname="Pirates-PC" name="com.invoicingyou.qa.testcases.LogInPageTest" tests="1" failures="0" timestamp="29 Apr 2020 10:50:23 GMT" time="19.577" errors="0">
  <testcase name="TestLogIn" time="19.577" classname="com.invoicingyou.qa.testcases.LogInPageTest"/>
</testsuite> <!-- com.invoicingyou.qa.testcases.LogInPageTest -->
