<?xml version="1.0" encoding="UTF-8"?>
<!-- Generated by org.testng.reporters.JUnitReportReporter -->
<testsuite hostname="Pirates-PC" name="com.invoicingyou.qa.testcases.DashboardPageTest" tests="2" failures="0" timestamp="29 Apr 2020 10:50:23 GMT" time="18.283" errors="0">
  <testcase name="TestLogIn" time="12.416" classname="com.invoicingyou.qa.testcases.DashboardPageTest"/>
  <testcase name="OpenCustomerPage" time="5.867" classname="com.invoicingyou.qa.testcases.DashboardPageTest"/>
</testsuite> <!-- com.invoicingyou.qa.testcases.DashboardPageTest -->
