<?xml version="1.0" encoding="UTF-8"?>
<!-- Generated by org.testng.reporters.JUnitReportReporter -->
<testsuite hostname="Pirates-PC" name="com.invoicingyou.qa.testcases.GeneralInvoiceTest" tests="3" failures="0" timestamp="4 May 2020 13:33:52 GMT" time="65.337" errors="0">
  <testcase name="CreateGeneralInvPage" time="10.023" classname="com.invoicingyou.qa.testcases.GeneralInvoiceTest"/>
  <testcase name="TestLogIn" time="54.300" classname="com.invoicingyou.qa.testcases.GeneralInvoiceTest"/>
  <testcase name="OpenGeneralInvPage" time="1.014" classname="com.invoicingyou.qa.testcases.GeneralInvoiceTest"/>
</testsuite> <!-- com.invoicingyou.qa.testcases.GeneralInvoiceTest -->
