<?xml version="1.0" encoding="UTF-8"?>
<!-- Generated by org.testng.reporters.JUnitReportReporter -->
<testsuite hostname="Pirates-PC" name="com.invoicingyou.qa.testcases.CustomerPageTest" tests="3" failures="0" timestamp="29 Apr 2020 10:50:23 GMT" time="40.516" errors="0">
  <testcase name="OpenCustomerPage" time="0.191" classname="com.invoicingyou.qa.testcases.CustomerPageTest"/>
  <testcase name="AddCustomer" time="12.344" classname="com.invoicingyou.qa.testcases.CustomerPageTest"/>
  <testcase name="TestLogIn" time="27.981" classname="com.invoicingyou.qa.testcases.CustomerPageTest"/>
</testsuite> <!-- com.invoicingyou.qa.testcases.CustomerPageTest -->
