<?xml version="1.0" encoding="UTF-8"?>
<!-- Generated by org.testng.reporters.JUnitReportReporter -->
<testsuite hostname="Pirates-PC" name="com.invoicingyou.qa.testcases.DashboardPageTest" tests="2" failures="0" timestamp="28 Apr 2020 11:37:11 GMT" time="11.404" errors="0">
  <testcase name="OpenCustomerPage" time="5.177" classname="com.invoicingyou.qa.testcases.DashboardPageTest"/>
  <testcase name="TestLogIn" time="6.227" classname="com.invoicingyou.qa.testcases.DashboardPageTest"/>
</testsuite> <!-- com.invoicingyou.qa.testcases.DashboardPageTest -->
